{"D:\\NodeJs\\One Dot Soft Task\\src\\enum\\user.enums.ts": {"path":"D:\\NodeJs\\One Dot Soft Task\\src\\enum\\user.enums.ts","statementMap":{"0":{"start":{"line":1,"column":0},"end":{"line":1,"column":null}},"1":{"start":{"line":2,"column":2},"end":{"line":2,"column":null}},"2":{"start":{"line":3,"column":2},"end":{"line":3,"column":null}},"3":{"start":{"line":4,"column":2},"end":{"line":4,"column":null}},"4":{"start":{"line":7,"column":0},"end":{"line":7,"column":null}},"5":{"start":{"line":8,"column":2},"end":{"line":8,"column":null}},"6":{"start":{"line":9,"column":2},"end":{"line":9,"column":null}},"7":{"start":{"line":12,"column":0},"end":{"line":12,"column":null}},"8":{"start":{"line":13,"column":2},"end":{"line":13,"column":null}},"9":{"start":{"line":14,"column":2},"end":{"line":14,"column":null}},"10":{"start":{"line":15,"column":2},"end":{"line":15,"column":null}}},"fnMap":{"0":{"name":"(anonymous_0)","decl":{"start":{"line":1,"column":0},"end":{"line":1,"column":12}},"loc":{"start":{"line":1,"column":17},"end":{"line":5,"column":1}}},"1":{"name":"(anonymous_1)","decl":{"start":{"line":7,"column":0},"end":{"line":7,"column":12}},"loc":{"start":{"line":7,"column":19},"end":{"line":10,"column":1}}},"2":{"name":"(anonymous_2)","decl":{"start":{"line":12,"column":0},"end":{"line":12,"column":12}},"loc":{"start":{"line":12,"column":18},"end":{"line":16,"column":1}}}},"branchMap":{"0":{"loc":{"start":{"line":1,"column":12},"end":{"line":1,"column":null}},"type":"binary-expr","locations":[{"start":{"line":1,"column":12},"end":{"line":1,"column":17}},{"start":{"line":1,"column":17},"end":{"line":1,"column":null}}]},"1":{"loc":{"start":{"line":7,"column":12},"end":{"line":7,"column":null}},"type":"binary-expr","locations":[{"start":{"line":7,"column":12},"end":{"line":7,"column":19}},{"start":{"line":7,"column":19},"end":{"line":7,"column":null}}]},"2":{"loc":{"start":{"line":12,"column":12},"end":{"line":12,"column":null}},"type":"binary-expr","locations":[{"start":{"line":12,"column":12},"end":{"line":12,"column":18}},{"start":{"line":12,"column":18},"end":{"line":12,"column":null}}]}},"s":{"0":1,"1":1,"2":1,"3":1,"4":1,"5":1,"6":1,"7":1,"8":1,"9":1,"10":1},"f":{"0":1,"1":1,"2":1},"b":{"0":[1,1],"1":[1,1],"2":[1,1]}}
,"D:\\NodeJs\\One Dot Soft Task\\src\\services\\airPortService.ts": {"path":"D:\\NodeJs\\One Dot Soft Task\\src\\services\\airPortService.ts","statementMap":{"0":{"start":{"line":1,"column":0},"end":{"line":1,"column":41}},"1":{"start":{"line":8,"column":0},"end":{"line":8,"column":41}},"2":{"start":{"line":10,"column":0},"end":{"line":10,"column":47}},"3":{"start":{"line":14,"column":4},"end":{"line":14,"column":44}},"4":{"start":{"line":18,"column":4},"end":{"line":18,"column":89}},"5":{"start":{"line":22,"column":20},"end":{"line":22,"column":71}},"6":{"start":{"line":23,"column":4},"end":{"line":23,"column":63}},"7":{"start":{"line":23,"column":18},"end":{"line":23,"column":63}},"8":{"start":{"line":24,"column":4},"end":{"line":24,"column":19}},"9":{"start":{"line":28,"column":4},"end":{"line":28,"column":26}},"10":{"start":{"line":29,"column":4},"end":{"line":29,"column":59}},"11":{"start":{"line":33,"column":4},"end":{"line":33,"column":26}},"12":{"start":{"line":34,"column":4},"end":{"line":34,"column":85}},"13":{"start":{"line":38,"column":23},"end":{"line":38,"column":43}},"14":{"start":{"line":39,"column":0},"end":{"line":39,"column":30}}},"fnMap":{"0":{"name":"(anonymous_8)","decl":{"start":{"line":13,"column":8},"end":{"line":13,"column":14}},"loc":{"start":{"line":13,"column":34},"end":{"line":15,"column":null}}},"1":{"name":"(anonymous_10)","decl":{"start":{"line":17,"column":8},"end":{"line":17,"column":14}},"loc":{"start":{"line":17,"column":34},"end":{"line":19,"column":null}}},"2":{"name":"(anonymous_12)","decl":{"start":{"line":21,"column":8},"end":{"line":21,"column":14}},"loc":{"start":{"line":21,"column":25},"end":{"line":25,"column":null}}},"3":{"name":"(anonymous_14)","decl":{"start":{"line":27,"column":8},"end":{"line":27,"column":14}},"loc":{"start":{"line":27,"column":46},"end":{"line":30,"column":null}}},"4":{"name":"(anonymous_16)","decl":{"start":{"line":32,"column":8},"end":{"line":32,"column":14}},"loc":{"start":{"line":32,"column":25},"end":{"line":35,"column":null}}}},"branchMap":{"0":{"loc":{"start":{"line":23,"column":4},"end":{"line":23,"column":63}},"type":"if","locations":[{"start":{"line":23,"column":4},"end":{"line":23,"column":63}}]}},"s":{"0":1,"1":1,"2":1,"3":1,"4":1,"5":2,"6":2,"7":1,"8":1,"9":1,"10":1,"11":1,"12":1,"13":1,"14":1},"f":{"0":1,"1":1,"2":2,"3":1,"4":1},"b":{"0":[1]}}
,"D:\\NodeJs\\One Dot Soft Task\\src\\services\\airwayCompanyService.ts": {"path":"D:\\NodeJs\\One Dot Soft Task\\src\\services\\airwayCompanyService.ts","statementMap":{"0":{"start":{"line":1,"column":0},"end":{"line":1,"column":41}},"1":{"start":{"line":8,"column":0},"end":{"line":8,"column":41}},"2":{"start":{"line":9,"column":0},"end":{"line":9,"column":47}},"3":{"start":{"line":14,"column":26},"end":{"line":16,"column":6}},"4":{"start":{"line":17,"column":4},"end":{"line":17,"column":25}},"5":{"start":{"line":21,"column":4},"end":{"line":23,"column":33}},"6":{"start":{"line":27,"column":26},"end":{"line":31,"column":6}},"7":{"start":{"line":32,"column":4},"end":{"line":34,"column":5}},"8":{"start":{"line":33,"column":6},"end":{"line":33,"column":58}},"9":{"start":{"line":35,"column":4},"end":{"line":35,"column":25}},"10":{"start":{"line":42,"column":4},"end":{"line":42,"column":26}},"11":{"start":{"line":43,"column":26},"end":{"line":48,"column":6}},"12":{"start":{"line":49,"column":4},"end":{"line":49,"column":25}},"13":{"start":{"line":53,"column":4},"end":{"line":53,"column":26}},"14":{"start":{"line":54,"column":4},"end":{"line":61,"column":7}},"15":{"start":{"line":66,"column":29},"end":{"line":66,"column":55}},"16":{"start":{"line":67,"column":0},"end":{"line":67,"column":36}}},"fnMap":{"0":{"name":"(anonymous_8)","decl":{"start":{"line":13,"column":8},"end":{"line":13,"column":14}},"loc":{"start":{"line":13,"column":40},"end":{"line":18,"column":null}}},"1":{"name":"(anonymous_10)","decl":{"start":{"line":20,"column":8},"end":{"line":20,"column":14}},"loc":{"start":{"line":20,"column":40},"end":{"line":24,"column":null}}},"2":{"name":"(anonymous_12)","decl":{"start":{"line":26,"column":8},"end":{"line":26,"column":14}},"loc":{"start":{"line":26,"column":25},"end":{"line":36,"column":null}}},"3":{"name":"(anonymous_14)","decl":{"start":{"line":38,"column":8},"end":{"line":38,"column":14}},"loc":{"start":{"line":40,"column":29},"end":{"line":50,"column":null}}},"4":{"name":"(anonymous_16)","decl":{"start":{"line":52,"column":8},"end":{"line":52,"column":14}},"loc":{"start":{"line":52,"column":25},"end":{"line":62,"column":null}}}},"branchMap":{"0":{"loc":{"start":{"line":32,"column":4},"end":{"line":34,"column":5}},"type":"if","locations":[{"start":{"line":32,"column":4},"end":{"line":34,"column":5}}]}},"s":{"0":1,"1":1,"2":1,"3":1,"4":1,"5":1,"6":2,"7":2,"8":1,"9":1,"10":1,"11":1,"12":1,"13":1,"14":1,"15":1,"16":1},"f":{"0":1,"1":1,"2":2,"3":1,"4":1},"b":{"0":[1]}}
,"D:\\NodeJs\\One Dot Soft Task\\src\\services\\authService.ts": {"path":"D:\\NodeJs\\One Dot Soft Task\\src\\services\\authService.ts","statementMap":{"0":{"start":{"line":1,"column":0},"end":{"line":1,"column":41}},"1":{"start":{"line":12,"column":0},"end":{"line":12,"column":28}},"2":{"start":{"line":13,"column":0},"end":{"line":13,"column":41}},"3":{"start":{"line":14,"column":0},"end":{"line":14,"column":60}},"4":{"start":{"line":17,"column":0},"end":{"line":17,"column":43}},"5":{"start":{"line":18,"column":0},"end":{"line":18,"column":54}},"6":{"start":{"line":19,"column":0},"end":{"line":19,"column":58}},"7":{"start":{"line":23,"column":4},"end":{"line":23,"column":53}},"8":{"start":{"line":24,"column":4},"end":{"line":24,"column":53}},"9":{"start":{"line":25,"column":4},"end":{"line":25,"column":63}},"10":{"start":{"line":26,"column":4},"end":{"line":26,"column":56}},"11":{"start":{"line":28,"column":17},"end":{"line":35,"column":6}},"12":{"start":{"line":36,"column":4},"end":{"line":36,"column":16}},"13":{"start":{"line":40,"column":17},"end":{"line":73,"column":6}},"14":{"start":{"line":74,"column":4},"end":{"line":76,"column":5}},"15":{"start":{"line":75,"column":6},"end":{"line":75,"column":65}},"16":{"start":{"line":77,"column":26},"end":{"line":77,"column":76}},"17":{"start":{"line":78,"column":4},"end":{"line":80,"column":5}},"18":{"start":{"line":79,"column":6},"end":{"line":79,"column":65}},"19":{"start":{"line":81,"column":34},"end":{"line":81,"column":38}},"20":{"start":{"line":81,"column":29},"end":{"line":81,"column":34}},"21":{"start":{"line":82,"column":4},"end":{"line":82,"column":16}},"22":{"start":{"line":86,"column":17},"end":{"line":90,"column":6}},"23":{"start":{"line":91,"column":4},"end":{"line":93,"column":5}},"24":{"start":{"line":92,"column":6},"end":{"line":92,"column":48}},"25":{"start":{"line":94,"column":18},"end":{"line":94,"column":31}},"26":{"start":{"line":95,"column":4},"end":{"line":108,"column":7}},"27":{"start":{"line":109,"column":4},"end":{"line":109,"column":77}},"28":{"start":{"line":113,"column":22},"end":{"line":113,"column":40}},"29":{"start":{"line":114,"column":21},"end":{"line":124,"column":6}},"30":{"start":{"line":125,"column":4},"end":{"line":127,"column":5}},"31":{"start":{"line":126,"column":6},"end":{"line":126,"column":60}},"32":{"start":{"line":131,"column":4},"end":{"line":138,"column":7}},"33":{"start":{"line":144,"column":17},"end":{"line":148,"column":6}},"34":{"start":{"line":149,"column":4},"end":{"line":149,"column":70}},"35":{"start":{"line":149,"column":15},"end":{"line":149,"column":70}},"36":{"start":{"line":150,"column":4},"end":{"line":151,"column":72}},"37":{"start":{"line":151,"column":6},"end":{"line":151,"column":72}},"38":{"start":{"line":152,"column":4},"end":{"line":153,"column":61}},"39":{"start":{"line":153,"column":6},"end":{"line":153,"column":61}},"40":{"start":{"line":154,"column":4},"end":{"line":155,"column":65}},"41":{"start":{"line":155,"column":6},"end":{"line":155,"column":65}},"42":{"start":{"line":156,"column":4},"end":{"line":182,"column":7}},"43":{"start":{"line":188,"column":4},"end":{"line":188,"column":53}},"44":{"start":{"line":189,"column":4},"end":{"line":189,"column":53}},"45":{"start":{"line":190,"column":4},"end":{"line":190,"column":63}},"46":{"start":{"line":191,"column":4},"end":{"line":191,"column":61}},"47":{"start":{"line":193,"column":17},"end":{"line":217,"column":6}},"48":{"start":{"line":218,"column":4},"end":{"line":218,"column":16}},"49":{"start":{"line":222,"column":17},"end":{"line":226,"column":6}},"50":{"start":{"line":227,"column":4},"end":{"line":227,"column":57}},"51":{"start":{"line":227,"column":15},"end":{"line":227,"column":57}},"52":{"start":{"line":228,"column":26},"end":{"line":228,"column":79}},"53":{"start":{"line":229,"column":4},"end":{"line":229,"column":77}},"54":{"start":{"line":229,"column":24},"end":{"line":229,"column":77}},"55":{"start":{"line":230,"column":4},"end":{"line":237,"column":7}},"56":{"start":{"line":244,"column":17},"end":{"line":248,"column":6}},"57":{"start":{"line":249,"column":4},"end":{"line":251,"column":5}},"58":{"start":{"line":250,"column":6},"end":{"line":250,"column":57}},"59":{"start":{"line":255,"column":20},"end":{"line":255,"column":37}},"60":{"start":{"line":256,"column":0},"end":{"line":256,"column":27}}},"fnMap":{"0":{"name":"(anonymous_15)","decl":{"start":{"line":22,"column":8},"end":{"line":22,"column":14}},"loc":{"start":{"line":22,"column":31},"end":{"line":37,"column":null}}},"1":{"name":"(anonymous_17)","decl":{"start":{"line":39,"column":8},"end":{"line":39,"column":13}},"loc":{"start":{"line":39,"column":29},"end":{"line":83,"column":null}}},"2":{"name":"(anonymous_19)","decl":{"start":{"line":85,"column":8},"end":{"line":85,"column":22}},"loc":{"start":{"line":85,"column":36},"end":{"line":110,"column":null}}},"3":{"name":"(anonymous_21)","decl":{"start":{"line":112,"column":8},"end":{"line":112,"column":31}},"loc":{"start":{"line":112,"column":57},"end":{"line":128,"column":null}}},"4":{"name":"(anonymous_23)","decl":{"start":{"line":130,"column":8},"end":{"line":130,"column":21}},"loc":{"start":{"line":130,"column":41},"end":{"line":139,"column":null}}},"5":{"name":"(anonymous_25)","decl":{"start":{"line":141,"column":8},"end":{"line":141,"column":31}},"loc":{"start":{"line":142,"column":38},"end":{"line":183,"column":null}}},"6":{"name":"(anonymous_27)","decl":{"start":{"line":185,"column":8},"end":{"line":185,"column":31}},"loc":{"start":{"line":186,"column":37},"end":{"line":219,"column":null}}},"7":{"name":"(anonymous_29)","decl":{"start":{"line":221,"column":8},"end":{"line":221,"column":22}},"loc":{"start":{"line":221,"column":59},"end":{"line":238,"column":null}}},"8":{"name":"(anonymous_31)","decl":{"start":{"line":240,"column":16},"end":{"line":240,"column":32}},"loc":{"start":{"line":242,"column":17},"end":{"line":252,"column":null}}}},"branchMap":{"0":{"loc":{"start":{"line":74,"column":4},"end":{"line":76,"column":5}},"type":"if","locations":[{"start":{"line":74,"column":4},"end":{"line":76,"column":5}}]},"1":{"loc":{"start":{"line":78,"column":4},"end":{"line":80,"column":5}},"type":"if","locations":[{"start":{"line":78,"column":4},"end":{"line":80,"column":5}}]},"2":{"loc":{"start":{"line":91,"column":4},"end":{"line":93,"column":5}},"type":"if","locations":[{"start":{"line":91,"column":4},"end":{"line":93,"column":5}}]},"3":{"loc":{"start":{"line":125,"column":4},"end":{"line":127,"column":5}},"type":"if","locations":[{"start":{"line":125,"column":4},"end":{"line":127,"column":5}}]},"4":{"loc":{"start":{"line":149,"column":4},"end":{"line":149,"column":70}},"type":"if","locations":[{"start":{"line":149,"column":4},"end":{"line":149,"column":70}}]},"5":{"loc":{"start":{"line":150,"column":4},"end":{"line":151,"column":72}},"type":"if","locations":[{"start":{"line":150,"column":4},"end":{"line":151,"column":72}}]},"6":{"loc":{"start":{"line":152,"column":4},"end":{"line":153,"column":61}},"type":"if","locations":[{"start":{"line":152,"column":4},"end":{"line":153,"column":61}}]},"7":{"loc":{"start":{"line":154,"column":4},"end":{"line":155,"column":65}},"type":"if","locations":[{"start":{"line":154,"column":4},"end":{"line":155,"column":65}}]},"8":{"loc":{"start":{"line":227,"column":4},"end":{"line":227,"column":57}},"type":"if","locations":[{"start":{"line":227,"column":4},"end":{"line":227,"column":57}}]},"9":{"loc":{"start":{"line":229,"column":4},"end":{"line":229,"column":77}},"type":"if","locations":[{"start":{"line":229,"column":4},"end":{"line":229,"column":77}}]},"10":{"loc":{"start":{"line":249,"column":4},"end":{"line":251,"column":5}},"type":"if","locations":[{"start":{"line":249,"column":4},"end":{"line":251,"column":5}}]}},"s":{"0":1,"1":1,"2":1,"3":1,"4":1,"5":1,"6":1,"7":2,"8":1,"9":1,"10":1,"11":1,"12":1,"13":2,"14":2,"15":1,"16":1,"17":1,"18":0,"19":1,"20":1,"21":1,"22":1,"23":1,"24":1,"25":0,"26":0,"27":0,"28":2,"29":2,"30":2,"31":1,"32":1,"33":2,"34":2,"35":0,"36":2,"37":0,"38":2,"39":1,"40":1,"41":0,"42":1,"43":2,"44":2,"45":2,"46":2,"47":1,"48":1,"49":2,"50":2,"51":0,"52":2,"53":2,"54":1,"55":1,"56":3,"57":3,"58":0,"59":1,"60":1},"f":{"0":2,"1":2,"2":1,"3":2,"4":1,"5":2,"6":2,"7":2,"8":3},"b":{"0":[1],"1":[0],"2":[1],"3":[1],"4":[0],"5":[0],"6":[1],"7":[0],"8":[0],"9":[1],"10":[0]}}
,"D:\\NodeJs\\One Dot Soft Task\\src\\services\\flightService.ts": {"path":"D:\\NodeJs\\One Dot Soft Task\\src\\services\\flightService.ts","statementMap":{"0":{"start":{"line":1,"column":0},"end":{"line":1,"column":41}},"1":{"start":{"line":7,"column":0},"end":{"line":7,"column":47}},"2":{"start":{"line":10,"column":0},"end":{"line":10,"column":41}},"3":{"start":{"line":14,"column":4},"end":{"line":14,"column":44}},"4":{"start":{"line":15,"column":4},"end":{"line":17,"column":7}},"5":{"start":{"line":21,"column":4},"end":{"line":30,"column":6}},"6":{"start":{"line":34,"column":19},"end":{"line":38,"column":6}},"7":{"start":{"line":39,"column":4},"end":{"line":39,"column":61}},"8":{"start":{"line":39,"column":17},"end":{"line":39,"column":61}},"9":{"start":{"line":40,"column":4},"end":{"line":40,"column":18}},"10":{"start":{"line":44,"column":4},"end":{"line":44,"column":26}},"11":{"start":{"line":45,"column":4},"end":{"line":45,"column":46}},"12":{"start":{"line":46,"column":4},"end":{"line":51,"column":7}},"13":{"start":{"line":55,"column":4},"end":{"line":55,"column":26}},"14":{"start":{"line":56,"column":4},"end":{"line":63,"column":7}},"15":{"start":{"line":67,"column":19},"end":{"line":71,"column":6}},"16":{"start":{"line":72,"column":4},"end":{"line":73,"column":72}},"17":{"start":{"line":73,"column":6},"end":{"line":73,"column":72}},"18":{"start":{"line":74,"column":4},"end":{"line":75,"column":67}},"19":{"start":{"line":75,"column":6},"end":{"line":75,"column":67}},"20":{"start":{"line":79,"column":4},"end":{"line":87,"column":5}},"21":{"start":{"line":80,"column":21},"end":{"line":84,"column":8}},"22":{"start":{"line":85,"column":6},"end":{"line":86,"column":74}},"23":{"start":{"line":86,"column":8},"end":{"line":86,"column":74}},"24":{"start":{"line":88,"column":4},"end":{"line":89,"column":67}},"25":{"start":{"line":89,"column":6},"end":{"line":89,"column":67}},"26":{"start":{"line":93,"column":22},"end":{"line":93,"column":41}},"27":{"start":{"line":94,"column":0},"end":{"line":94,"column":29}}},"fnMap":{"0":{"name":"(anonymous_8)","decl":{"start":{"line":13,"column":8},"end":{"line":13,"column":14}},"loc":{"start":{"line":13,"column":33},"end":{"line":18,"column":null}}},"1":{"name":"(anonymous_10)","decl":{"start":{"line":20,"column":8},"end":{"line":20,"column":14}},"loc":{"start":{"line":20,"column":33},"end":{"line":31,"column":null}}},"2":{"name":"(anonymous_12)","decl":{"start":{"line":33,"column":8},"end":{"line":33,"column":14}},"loc":{"start":{"line":33,"column":25},"end":{"line":41,"column":null}}},"3":{"name":"(anonymous_14)","decl":{"start":{"line":43,"column":8},"end":{"line":43,"column":14}},"loc":{"start":{"line":43,"column":45},"end":{"line":52,"column":null}}},"4":{"name":"(anonymous_16)","decl":{"start":{"line":54,"column":8},"end":{"line":54,"column":14}},"loc":{"start":{"line":54,"column":25},"end":{"line":64,"column":null}}},"5":{"name":"(anonymous_18)","decl":{"start":{"line":66,"column":16},"end":{"line":66,"column":38}},"loc":{"start":{"line":66,"column":57},"end":{"line":76,"column":null}}},"6":{"name":"(anonymous_20)","decl":{"start":{"line":78,"column":16},"end":{"line":78,"column":40}},"loc":{"start":{"line":78,"column":59},"end":{"line":90,"column":null}}}},"branchMap":{"0":{"loc":{"start":{"line":39,"column":4},"end":{"line":39,"column":61}},"type":"if","locations":[{"start":{"line":39,"column":4},"end":{"line":39,"column":61}}]},"1":{"loc":{"start":{"line":72,"column":4},"end":{"line":73,"column":72}},"type":"if","locations":[{"start":{"line":72,"column":4},"end":{"line":73,"column":72}}]},"2":{"loc":{"start":{"line":74,"column":4},"end":{"line":75,"column":67}},"type":"if","locations":[{"start":{"line":74,"column":4},"end":{"line":75,"column":67}}]},"3":{"loc":{"start":{"line":79,"column":4},"end":{"line":87,"column":5}},"type":"if","locations":[{"start":{"line":79,"column":4},"end":{"line":87,"column":5}}]},"4":{"loc":{"start":{"line":85,"column":6},"end":{"line":86,"column":74}},"type":"if","locations":[{"start":{"line":85,"column":6},"end":{"line":86,"column":74}}]},"5":{"loc":{"start":{"line":88,"column":4},"end":{"line":89,"column":67}},"type":"if","locations":[{"start":{"line":88,"column":4},"end":{"line":89,"column":67}}]},"6":{"loc":{"start":{"line":88,"column":8},"end":{"line":88,"column":67}},"type":"binary-expr","locations":[{"start":{"line":88,"column":8},"end":{"line":88,"column":24}},{"start":{"line":88,"column":28},"end":{"line":88,"column":67}}]}},"s":{"0":1,"1":1,"2":1,"3":3,"4":1,"5":1,"6":2,"7":2,"8":1,"9":1,"10":3,"11":3,"12":1,"13":2,"14":1,"15":3,"16":3,"17":1,"18":2,"19":1,"20":3,"21":2,"22":2,"23":1,"24":2,"25":1,"26":1,"27":1},"f":{"0":3,"1":1,"2":2,"3":3,"4":2,"5":3,"6":3},"b":{"0":[1],"1":[1],"2":[1],"3":[2],"4":[1],"5":[1],"6":[2,1]}}
,"D:\\NodeJs\\One Dot Soft Task\\src\\services\\nationalityService.ts": {"path":"D:\\NodeJs\\One Dot Soft Task\\src\\services\\nationalityService.ts","statementMap":{"0":{"start":{"line":1,"column":0},"end":{"line":1,"column":41}},"1":{"start":{"line":8,"column":0},"end":{"line":8,"column":41}},"2":{"start":{"line":10,"column":0},"end":{"line":10,"column":47}},"3":{"start":{"line":14,"column":4},"end":{"line":14,"column":47}},"4":{"start":{"line":18,"column":4},"end":{"line":18,"column":92}},"5":{"start":{"line":22,"column":24},"end":{"line":22,"column":78}},"6":{"start":{"line":23,"column":4},"end":{"line":23,"column":71}},"7":{"start":{"line":23,"column":22},"end":{"line":23,"column":71}},"8":{"start":{"line":24,"column":4},"end":{"line":24,"column":23}},"9":{"start":{"line":28,"column":4},"end":{"line":28,"column":26}},"10":{"start":{"line":29,"column":4},"end":{"line":29,"column":62}},"11":{"start":{"line":33,"column":4},"end":{"line":33,"column":26}},"12":{"start":{"line":34,"column":4},"end":{"line":34,"column":88}},"13":{"start":{"line":38,"column":27},"end":{"line":38,"column":51}},"14":{"start":{"line":39,"column":0},"end":{"line":39,"column":34}}},"fnMap":{"0":{"name":"(anonymous_8)","decl":{"start":{"line":13,"column":8},"end":{"line":13,"column":14}},"loc":{"start":{"line":13,"column":38},"end":{"line":15,"column":null}}},"1":{"name":"(anonymous_10)","decl":{"start":{"line":17,"column":8},"end":{"line":17,"column":14}},"loc":{"start":{"line":17,"column":38},"end":{"line":19,"column":null}}},"2":{"name":"(anonymous_12)","decl":{"start":{"line":21,"column":8},"end":{"line":21,"column":14}},"loc":{"start":{"line":21,"column":25},"end":{"line":25,"column":null}}},"3":{"name":"(anonymous_14)","decl":{"start":{"line":27,"column":8},"end":{"line":27,"column":14}},"loc":{"start":{"line":27,"column":50},"end":{"line":30,"column":null}}},"4":{"name":"(anonymous_16)","decl":{"start":{"line":32,"column":8},"end":{"line":32,"column":14}},"loc":{"start":{"line":32,"column":25},"end":{"line":35,"column":null}}}},"branchMap":{"0":{"loc":{"start":{"line":23,"column":4},"end":{"line":23,"column":71}},"type":"if","locations":[{"start":{"line":23,"column":4},"end":{"line":23,"column":71}}]}},"s":{"0":1,"1":1,"2":1,"3":1,"4":1,"5":2,"6":2,"7":1,"8":1,"9":1,"10":1,"11":1,"12":1,"13":1,"14":1},"f":{"0":1,"1":1,"2":2,"3":1,"4":1},"b":{"0":[1]}}
,"D:\\NodeJs\\One Dot Soft Task\\src\\services\\ticketService.ts": {"path":"D:\\NodeJs\\One Dot Soft Task\\src\\services\\ticketService.ts","statementMap":{"0":{"start":{"line":1,"column":0},"end":{"line":1,"column":41}},"1":{"start":{"line":7,"column":0},"end":{"line":7,"column":47}},"2":{"start":{"line":10,"column":0},"end":{"line":10,"column":41}},"3":{"start":{"line":11,"column":0},"end":{"line":11,"column":28}},"4":{"start":{"line":12,"column":0},"end":{"line":12,"column":44}},"5":{"start":{"line":16,"column":4},"end":{"line":16,"column":46}},"6":{"start":{"line":17,"column":4},"end":{"line":17,"column":42}},"7":{"start":{"line":24,"column":4},"end":{"line":42,"column":6}},"8":{"start":{"line":49,"column":4},"end":{"line":67,"column":6}},"9":{"start":{"line":71,"column":19},"end":{"line":84,"column":6}},"10":{"start":{"line":85,"column":4},"end":{"line":85,"column":61}},"11":{"start":{"line":85,"column":17},"end":{"line":85,"column":61}},"12":{"start":{"line":86,"column":4},"end":{"line":86,"column":18}},"13":{"start":{"line":94,"column":19},"end":{"line":94,"column":40}},"14":{"start":{"line":95,"column":4},"end":{"line":100,"column":5}},"15":{"start":{"line":99,"column":6},"end":{"line":99,"column":98}},"16":{"start":{"line":101,"column":4},"end":{"line":103,"column":5}},"17":{"start":{"line":102,"column":6},"end":{"line":102,"column":70}},"18":{"start":{"line":104,"column":4},"end":{"line":108,"column":8}},"19":{"start":{"line":105,"column":6},"end":{"line":108,"column":8}},"20":{"start":{"line":109,"column":4},"end":{"line":125,"column":7}},"21":{"start":{"line":129,"column":22},"end":{"line":129,"column":41}},"22":{"start":{"line":130,"column":0},"end":{"line":130,"column":29}}},"fnMap":{"0":{"name":"(anonymous_8)","decl":{"start":{"line":15,"column":8},"end":{"line":15,"column":18}},"loc":{"start":{"line":15,"column":37},"end":{"line":18,"column":null}}},"1":{"name":"(anonymous_10)","decl":{"start":{"line":20,"column":8},"end":{"line":20,"column":20}},"loc":{"start":{"line":22,"column":22},"end":{"line":43,"column":null}}},"2":{"name":"(anonymous_12)","decl":{"start":{"line":45,"column":8},"end":{"line":45,"column":25}},"loc":{"start":{"line":47,"column":22},"end":{"line":68,"column":null}}},"3":{"name":"(anonymous_14)","decl":{"start":{"line":70,"column":8},"end":{"line":70,"column":14}},"loc":{"start":{"line":70,"column":25},"end":{"line":87,"column":null}}},"4":{"name":"(anonymous_16)","decl":{"start":{"line":89,"column":8},"end":{"line":89,"column":14}},"loc":{"start":{"line":92,"column":27},"end":{"line":126,"column":null}}}},"branchMap":{"0":{"loc":{"start":{"line":85,"column":4},"end":{"line":85,"column":61}},"type":"if","locations":[{"start":{"line":85,"column":4},"end":{"line":85,"column":61}}]},"1":{"loc":{"start":{"line":95,"column":4},"end":{"line":100,"column":5}},"type":"if","locations":[{"start":{"line":95,"column":4},"end":{"line":100,"column":5}}]},"2":{"loc":{"start":{"line":96,"column":6},"end":{"line":97,"column":30}},"type":"binary-expr","locations":[{"start":{"line":96,"column":6},"end":{"line":96,"column":69}},{"start":{"line":97,"column":6},"end":{"line":97,"column":30}}]},"3":{"loc":{"start":{"line":96,"column":13},"end":{"line":96,"column":39}},"type":"cond-expr","locations":[{"start":{"line":96,"column":26},"end":{"line":96,"column":28}},{"start":{"line":96,"column":26},"end":{"line":96,"column":39}}]},"4":{"loc":{"start":{"line":96,"column":13},"end":{"line":96,"column":28}},"type":"binary-expr","locations":[{"start":{"line":96,"column":13},"end":{"line":96,"column":28}},{"start":{"line":96,"column":26},"end":{"line":96,"column":28}}]},"5":{"loc":{"start":{"line":101,"column":4},"end":{"line":103,"column":5}},"type":"if","locations":[{"start":{"line":101,"column":4},"end":{"line":103,"column":5}}]},"6":{"loc":{"start":{"line":101,"column":8},"end":{"line":101,"column":64}},"type":"binary-expr","locations":[{"start":{"line":101,"column":8},"end":{"line":101,"column":32}},{"start":{"line":101,"column":36},"end":{"line":101,"column":64}}]},"7":{"loc":{"start":{"line":104,"column":4},"end":{"line":108,"column":8}},"type":"if","locations":[{"start":{"line":104,"column":4},"end":{"line":108,"column":8}}]},"8":{"loc":{"start":{"line":104,"column":8},"end":{"line":104,"column":52}},"type":"binary-expr","locations":[{"start":{"line":104,"column":8},"end":{"line":104,"column":36}},{"start":{"line":104,"column":40},"end":{"line":104,"column":52}}]},"9":{"loc":{"start":{"line":116,"column":10},"end":{"line":123,"column":23}},"type":"cond-expr","locations":[{"start":{"line":117,"column":14},"end":{"line":122,"column":null}},{"start":{"line":123,"column":14},"end":{"line":123,"column":23}}]},"10":{"loc":{"start":{"line":116,"column":10},"end":{"line":116,"column":52}},"type":"binary-expr","locations":[{"start":{"line":116,"column":10},"end":{"line":116,"column":21}},{"start":{"line":116,"column":25},"end":{"line":116,"column":52}}]}},"s":{"0":1,"1":1,"2":1,"3":1,"4":1,"5":2,"6":1,"7":1,"8":1,"9":6,"10":5,"11":0,"12":5,"13":4,"14":4,"15":1,"16":3,"17":1,"18":2,"19":1,"20":1,"21":1,"22":1},"f":{"0":2,"1":1,"2":1,"3":6,"4":4},"b":{"0":[0],"1":[1],"2":[4,1],"3":[0,4],"4":[4,4],"5":[1],"6":[3,2],"7":[1],"8":[2,1],"9":[0,1],"10":[1,0]}}
,"D:\\NodeJs\\One Dot Soft Task\\src\\utils\\ApiError.ts": {"path":"D:\\NodeJs\\One Dot Soft Task\\src\\utils\\ApiError.ts","statementMap":{"0":{"start":{"line":4,"column":4},"end":{"line":4,"column":19}},"1":{"start":{"line":5,"column":4},"end":{"line":5,"column":33}},"2":{"start":{"line":1,"column":0},"end":{"line":1,"column":21}}},"fnMap":{"0":{"name":"(anonymous_0)","decl":{"start":{"line":3,"column":2},"end":{"line":3,"column":14}},"loc":{"start":{"line":3,"column":47},"end":{"line":6,"column":3}}}},"branchMap":{},"s":{"0":42,"1":42,"2":6},"f":{"0":42},"b":{}}
}
