TN:
SF:src\enum\user.enums.ts
FN:1,(anonymous_0)
FN:7,(anonymous_1)
FN:12,(anonymous_2)
FNF:3
FNH:3
FNDA:1,(anonymous_0)
FNDA:1,(anonymous_1)
FNDA:1,(anonymous_2)
DA:1,1
DA:2,1
DA:3,1
DA:4,1
DA:7,1
DA:8,1
DA:9,1
DA:12,1
DA:13,1
DA:14,1
DA:15,1
LF:11
LH:11
BRDA:1,0,0,1
BRDA:1,0,1,1
BRDA:7,1,0,1
BRDA:7,1,1,1
BRDA:12,2,0,1
BRDA:12,2,1,1
BRF:6
BRH:6
end_of_record
TN:
SF:src\services\airPortService.ts
FN:13,(anonymous_8)
FN:17,(anonymous_10)
FN:21,(anonymous_12)
FN:27,(anonymous_14)
FN:32,(anonymous_16)
FNF:5
FNH:5
FNDA:1,(anonymous_8)
FNDA:1,(anonymous_10)
FNDA:2,(anonymous_12)
FNDA:1,(anonymous_14)
FNDA:1,(anonymous_16)
DA:1,1
DA:8,1
DA:10,1
DA:14,1
DA:18,1
DA:22,2
DA:23,2
DA:24,1
DA:28,1
DA:29,1
DA:33,1
DA:34,1
DA:38,1
DA:39,1
LF:14
LH:14
BRDA:23,0,0,1
BRF:1
BRH:1
end_of_record
TN:
SF:src\services\airwayCompanyService.ts
FN:13,(anonymous_8)
FN:20,(anonymous_10)
FN:26,(anonymous_12)
FN:38,(anonymous_14)
FN:52,(anonymous_16)
FNF:5
FNH:5
FNDA:1,(anonymous_8)
FNDA:1,(anonymous_10)
FNDA:2,(anonymous_12)
FNDA:1,(anonymous_14)
FNDA:1,(anonymous_16)
DA:1,1
DA:8,1
DA:9,1
DA:14,1
DA:17,1
DA:21,1
DA:27,2
DA:32,2
DA:33,1
DA:35,1
DA:42,1
DA:43,1
DA:49,1
DA:53,1
DA:54,1
DA:66,1
DA:67,1
LF:17
LH:17
BRDA:32,0,0,1
BRF:1
BRH:1
end_of_record
TN:
SF:src\services\authService.ts
FN:22,(anonymous_15)
FN:39,(anonymous_17)
FN:85,(anonymous_19)
FN:112,(anonymous_21)
FN:130,(anonymous_23)
FN:141,(anonymous_25)
FN:185,(anonymous_27)
FN:221,(anonymous_29)
FN:240,(anonymous_31)
FNF:9
FNH:9
FNDA:2,(anonymous_15)
FNDA:2,(anonymous_17)
FNDA:1,(anonymous_19)
FNDA:2,(anonymous_21)
FNDA:1,(anonymous_23)
FNDA:2,(anonymous_25)
FNDA:2,(anonymous_27)
FNDA:2,(anonymous_29)
FNDA:3,(anonymous_31)
DA:1,1
DA:12,1
DA:13,1
DA:14,1
DA:17,1
DA:18,1
DA:19,1
DA:23,2
DA:24,1
DA:25,1
DA:26,1
DA:28,1
DA:36,1
DA:40,2
DA:74,2
DA:75,1
DA:77,1
DA:78,1
DA:79,0
DA:81,1
DA:82,1
DA:86,1
DA:91,1
DA:92,1
DA:94,0
DA:95,0
DA:109,0
DA:113,2
DA:114,2
DA:125,2
DA:126,1
DA:131,1
DA:144,2
DA:149,2
DA:150,2
DA:151,0
DA:152,2
DA:153,1
DA:154,1
DA:155,0
DA:156,1
DA:188,2
DA:189,2
DA:190,2
DA:191,2
DA:193,1
DA:218,1
DA:222,2
DA:227,2
DA:228,2
DA:229,2
DA:230,1
DA:244,3
DA:249,3
DA:250,0
DA:255,1
DA:256,1
LF:57
LH:50
BRDA:74,0,0,1
BRDA:78,1,0,0
BRDA:91,2,0,1
BRDA:125,3,0,1
BRDA:149,4,0,0
BRDA:150,5,0,0
BRDA:152,6,0,1
BRDA:154,7,0,0
BRDA:227,8,0,0
BRDA:229,9,0,1
BRDA:249,10,0,0
BRF:11
BRH:5
end_of_record
TN:
SF:src\services\flightService.ts
FN:13,(anonymous_8)
FN:20,(anonymous_10)
FN:33,(anonymous_12)
FN:43,(anonymous_14)
FN:54,(anonymous_16)
FN:66,(anonymous_18)
FN:78,(anonymous_20)
FNF:7
FNH:7
FNDA:3,(anonymous_8)
FNDA:1,(anonymous_10)
FNDA:2,(anonymous_12)
FNDA:3,(anonymous_14)
FNDA:2,(anonymous_16)
FNDA:3,(anonymous_18)
FNDA:3,(anonymous_20)
DA:1,1
DA:7,1
DA:10,1
DA:14,3
DA:15,1
DA:21,1
DA:34,2
DA:39,2
DA:40,1
DA:44,3
DA:45,3
DA:46,1
DA:55,2
DA:56,1
DA:67,3
DA:72,3
DA:73,1
DA:74,2
DA:75,1
DA:79,3
DA:80,2
DA:85,2
DA:86,1
DA:88,2
DA:89,1
DA:93,1
DA:94,1
LF:27
LH:27
BRDA:39,0,0,1
BRDA:72,1,0,1
BRDA:74,2,0,1
BRDA:79,3,0,2
BRDA:85,4,0,1
BRDA:88,5,0,1
BRDA:88,6,0,2
BRDA:88,6,1,1
BRF:8
BRH:8
end_of_record
TN:
SF:src\services\nationalityService.ts
FN:13,(anonymous_8)
FN:17,(anonymous_10)
FN:21,(anonymous_12)
FN:27,(anonymous_14)
FN:32,(anonymous_16)
FNF:5
FNH:5
FNDA:1,(anonymous_8)
FNDA:1,(anonymous_10)
FNDA:2,(anonymous_12)
FNDA:1,(anonymous_14)
FNDA:1,(anonymous_16)
DA:1,1
DA:8,1
DA:10,1
DA:14,1
DA:18,1
DA:22,2
DA:23,2
DA:24,1
DA:28,1
DA:29,1
DA:33,1
DA:34,1
DA:38,1
DA:39,1
LF:14
LH:14
BRDA:23,0,0,1
BRF:1
BRH:1
end_of_record
TN:
SF:src\services\ticketService.ts
FN:15,(anonymous_8)
FN:20,(anonymous_10)
FN:45,(anonymous_12)
FN:70,(anonymous_14)
FN:89,(anonymous_16)
FNF:5
FNH:5
FNDA:2,(anonymous_8)
FNDA:1,(anonymous_10)
FNDA:1,(anonymous_12)
FNDA:6,(anonymous_14)
FNDA:4,(anonymous_16)
DA:1,1
DA:7,1
DA:10,1
DA:11,1
DA:12,1
DA:16,2
DA:17,1
DA:24,1
DA:49,1
DA:71,6
DA:85,5
DA:86,5
DA:94,4
DA:95,4
DA:99,1
DA:101,3
DA:102,1
DA:104,2
DA:105,1
DA:109,1
DA:129,1
DA:130,1
LF:22
LH:22
BRDA:85,0,0,0
BRDA:95,1,0,1
BRDA:96,2,0,4
BRDA:96,2,1,1
BRDA:96,3,0,0
BRDA:96,3,1,4
BRDA:96,4,0,4
BRDA:96,4,1,4
BRDA:101,5,0,1
BRDA:101,6,0,3
BRDA:101,6,1,2
BRDA:104,7,0,1
BRDA:104,8,0,2
BRDA:104,8,1,1
BRDA:116,9,0,0
BRDA:116,9,1,1
BRDA:116,10,0,1
BRDA:116,10,1,0
BRF:18
BRH:14
end_of_record
TN:
SF:src\utils\ApiError.ts
FN:3,(anonymous_0)
FNF:1
FNH:1
FNDA:42,(anonymous_0)
DA:1,6
DA:4,42
DA:5,42
LF:3
LH:3
BRF:0
BRH:0
end_of_record
